- google-chrome
- vim-X11
- git
- gcc-c++
curl -fLo ~/.vim/autoload/plug.vim --create-dirs https://raw.githubusercontent.com/junegunn/vim-plug/master/plug.vim

/usr/share/icons/default/index.theme
Adwaita

wget http://mirror.ctan.org/systems/texlive/tlnet/install-tl-unx.tar.gz
tar xf install-tl-unx.tar.gz

- lua-devel
- luajit-devel
- ruby-devel
- perl-devel
- python-devel
- tcl-devel
- ncurses-devel
- xsel
- perl-ExtUtils-Embed
- libcurl-devel
- asciidoc
- xmlto
- gtk2-devel
- atk-devel
- libX11-devel
- libXt-devel

./configure --with-features=huge --enable-gui=gnome2  --enable-perlinterp --enable-pythoninterp --enable-rubyinterp --enable-luainterp --with-luajit --enable-fail-if-missing --with-python-config-dir=/usr/lib/python2.7/config

- nautilus-dropbox-2015.10.28-1.fedora.x86_64.rpm
- slack-2.0.3-0.1.fc21.x86_64.rpm
