[google-chrome]
name=google-chrome - \$basearch
baseurl=http://dl.google.com/linux/chrome/rpm/stable/\$basearch
enabled=1
gpgcheck=1
gpgkey=https://dl-ssl.google.com/linux/linux_signing_key.pub

- google-chrome-stable

[bintray--sbt-rpm]
name=bintray--sbt-rpm
baseurl=http://dl.bintray.com/sbt/rpm
repo_gpgcheck=0
enabled=1

- sbt

[fpco]
name=FP Complete packages
baseurl=http://download.fpcomplete.com/fedora/23
enabled=1
gpgcheck=1
gpgkey=https://s3.amazonaws.com/download.fpcomplete.com/fedora/RPM-GPG-KEY-FPCO

- stack

- R-devel

- http://download1.rpmfusion.org/free/fedora/rpmfusion-free-release-$(rpm -E %fedora).noarch.rpm
- http://download1.rpmfusion.org/nonfree/fedora/rpmfusion-nonfree-release-$(rpm -E %fedora).noarch.rpm

dnf config-manager --add-repo=http://negativo17.org/repos/fedora-nvidia.repo

- nvidia-driver
- cuda
- nvidia-driver-cuda
- cuda-devel

- libgnome
- pygtk2
- slack-2.0.3-0.1.fc21.x86_64.rpm

- libXv.i686
- libXScrnSaver.i686
- qt.i686
- qt-x11.i686
- pulseaudio-libs.i686
- pulseaudio-libs-glib2.i686
- alsa-plugins-pulseaudio.i686
- skype-4.3.0.37-fedora.i586.rpm

- nautilus-dropbox-2015.10.28-1.fedora.x86_64.rpm

- sox
- vlc

gsettings set org.gnome.nautilus.desktop trash-icon-visible false
gsettings set org.gnome.nautilus.desktop home-icon-visible false

make anaconda2
make anaconda3
make nltk
make stack

dnf copr enable dperson/neovim

- neovim
